520603.48,160672.13,2663.40,-14.695050
520602.78,160671.96,2696.43,-6.777225
520602.46,160671.86,2712.82,-10.622252
519523.87,159750.94,2778.84,-20.035480
521871.60,161339.81,2718.83,-10.183795
521871.10,161340.40,2745.34,-4.328310
521869.86,161341.16,2800.28,0.255205
518450.64,158916.08,2750.66,-21.095903
518450.26,158916.31,2788.34,-23.717417
518449.42,158916.95,2832.40,-13.644586
518460.20,158915.45,2751.94,-20.525368
518472.13,158916.11,2790.44,-24.802979
520752.34,163913.67,2806.00,-12.452306
519352.66,160483.90,2636.59,-9.122750
519347.37,160510.70,2663.69,-8.862475
519335.86,160570.82,2714.14,-0.089360
519215.69,160399.01,2655.33,-12.540033
519199.33,160423.39,2685.93,-11.370784
519174.74,160461.21,2720.84,-0.426769
519958.76,161423.93,2594.74,-13.285978
519976.53,161420.80,2682.64,-8.051737
519977.40,161420.59,2696.98,-14.795382
519981.21,161419.81,2740.79,-3.204552
519983.26,161419.45,2761.99,11.651640
519988.05,161419.06,2852.54,-4.433158
521045.24,163048.01,2629.94,-9.310063
521088.27,162982.21,2691.62,-13.724360
522398.92,161054.22,2725.92,-14.004513
522498.08,161077.98,2783.70,-24.641813
522675.13,161115.82,2856.76,-26.181568
522298.30,161223.23,2688.92,-16.668829
522358.63,161313.43,2724.75,-17.182735
517577.91,157320.85,2818.60,-24.788809
517512.23,157204.12,2890.00,-33.860405
520559.18,162742.86,2840.60,-1.166044
520646.76,163216.74,2746.59,-14.424291
520648.15,163217.60,2854.55,-11.331172
519309.53,162486.50,2928.90,5.971087
519171.33,162341.31,3075.79,-15.088088
518462.80,161238.85,2823.63,-7.396778
522317.59,163349.85,2656.82,24.724432
522515.31,163286.69,2759.31,-0.858984
522595.61,163259.95,2788.68,0.751442
520595.05,160133.39,2287.94,-25.603542
520586.50,160063.43,2373.83,-26.604338
520565.61,159930.53,2537.78,-40.237545
520528.99,159694.63,2759.01,-25.944853
520520.67,159642.09,2799.29,-18.347544
520501.68,159530.67,2866.21,5.636632
519966.43,161973.99,2488.94,-11.573786
520084.49,162060.33,2667.33,-6.599253
520097.30,162070.00,2696.78,-7.549816
520110.82,162079.90,2728.12,-7.640661
520125.31,162090.40,2764.50,-9.103017
520134.04,162097.11,2789.52,-11.499029
520153.40,162111.46,2833.76,-7.308372
519477.27,161878.84,2871.04,-1.826130
519472.25,161902.91,2944.37,-27.398390
521434.17,163512.74,2478.73,-4.075242
521496.59,163494.05,2521.48,-12.680942
521509.58,163489.87,2535.96,-20.093599
521588.90,163464.21,2573.07,-15.491115
521781.40,163397.45,2661.09,-9.225201
521779.18,163409.22,2664.18,-7.519115
521809.82,163398.88,2680.97,-8.749259
521916.72,163362.15,2725.08,-2.416187
522054.33,163313.88,2783.84,3.881926
520473.74,161453.96,2581.55,-9.228247
520531.80,161452.57,2692.80,-18.943825
520554.80,161451.64,2728.89,-14.248577
520567.49,161451.05,2756.44,-19.560499
520750.61,165111.52,2528.00,-28.280275
520768.42,165262.18,2599.57,-16.791201
520781.98,165395.36,2675.57,-18.426809
520829.58,165795.84,2883.96,-10.371601
520863.83,166009.34,3056.07,-6.990359
522267.13,162082.20,2581.00,-12.209826
522265.40,162122.55,2604.74,-12.686699
522257.15,162201.90,2640.85,-5.536041
522229.12,162322.50,2705.55,-4.501519
520310.67,160479.67,2621.62,-20.260368
520310.44,160479.65,2646.83,-19.982813
520310.42,160479.67,2692.56,-12.629748
520310.47,160479.74,2705.00,-15.625329
521256.43,163457.07,2259.07,-4.486556
522066.94,162721.39,2468.92,-3.566591
522222.65,162580.34,2505.19,2.077684
522466.81,162358.64,2565.13,0.995752
522664.02,162177.27,2671.82,-12.367043
522743.50,162101.57,2726.76,-18.339993
522141.36,163299.53,2619.49,1.289083
521089.79,164574.26,2735.94,2.638172
521047.42,164628.32,2765.03,-0.077742
520767.93,164841.41,2839.00,-2.316697
520633.21,164890.45,2843.00,2.126773
521263.32,164420.80,2793.91,3.569764
521262.51,164484.64,2839.58,1.822079
519734.55,160867.96,2609.55,-10.889225
519609.20,160912.66,2682.83,-11.514876
521356.20,161598.65,2664.57,-2.857723
521251.14,161589.01,2703.37,-4.555562
